<?xml version="1.0" encoding="UTF-8"?>
<testsuite name="br.com.fiap.cryptobb.CryptobbApplicationTests" tests="1" skipped="0" failures="0" errors="0" timestamp="2022-06-06T22:24:18" hostname="Fabios-MacBook-Pro.local" time="0.135">
  <properties/>
  <testcase name="contextLoads()" classname="br.com.fiap.cryptobb.CryptobbApplicationTests" time="0.135"/>
  <system-out><![CDATA[19:24:11.443 [Test worker] DEBUG org.springframework.test.context.BootstrapUtils - Instantiating CacheAwareContextLoaderDelegate from class [org.springframework.test.context.cache.DefaultCacheAwareContextLoaderDelegate]
19:24:11.456 [Test worker] DEBUG org.springframework.test.context.BootstrapUtils - Instantiating BootstrapContext using constructor [public org.springframework.test.context.support.DefaultBootstrapContext(java.lang.Class,org.springframework.test.context.CacheAwareContextLoaderDelegate)]
19:24:11.493 [Test worker] DEBUG org.springframework.test.context.BootstrapUtils - Instantiating TestContextBootstrapper for test class [br.com.fiap.cryptobb.CryptobbApplicationTests] from class [org.springframework.boot.test.context.SpringBootTestContextBootstrapper]
19:24:11.505 [Test worker] INFO org.springframework.boot.test.context.SpringBootTestContextBootstrapper - Neither @ContextConfiguration nor @ContextHierarchy found for test class [br.com.fiap.cryptobb.CryptobbApplicationTests], using SpringBootContextLoader
19:24:11.509 [Test worker] DEBUG org.springframework.test.context.support.AbstractContextLoader - Did not detect default resource location for test class [br.com.fiap.cryptobb.CryptobbApplicationTests]: class path resource [br/com/fiap/cryptobb/CryptobbApplicationTests-context.xml] does not exist
19:24:11.510 [Test worker] DEBUG org.springframework.test.context.support.AbstractContextLoader - Did not detect default resource location for test class [br.com.fiap.cryptobb.CryptobbApplicationTests]: class path resource [br/com/fiap/cryptobb/CryptobbApplicationTestsContext.groovy] does not exist
19:24:11.510 [Test worker] INFO org.springframework.test.context.support.AbstractContextLoader - Could not detect default resource locations for test class [br.com.fiap.cryptobb.CryptobbApplicationTests]: no resource found for suffixes {-context.xml, Context.groovy}.
19:24:11.511 [Test worker] INFO org.springframework.test.context.support.AnnotationConfigContextLoaderUtils - Could not detect default configuration classes for test class [br.com.fiap.cryptobb.CryptobbApplicationTests]: CryptobbApplicationTests does not declare any static, non-private, non-final, nested classes annotated with @Configuration.
19:24:11.559 [Test worker] DEBUG org.springframework.test.context.support.ActiveProfilesUtils - Could not find an 'annotation declaring class' for annotation type [org.springframework.test.context.ActiveProfiles] and class [br.com.fiap.cryptobb.CryptobbApplicationTests]
19:24:11.619 [Test worker] DEBUG org.springframework.context.annotation.ClassPathScanningCandidateComponentProvider - Identified candidate component class: file [/Users/fabiomiyasato/Downloads/cryptobb/build/classes/java/main/br/com/fiap/cryptobb/CryptobbApplication.class]
19:24:11.620 [Test worker] INFO org.springframework.boot.test.context.SpringBootTestContextBootstrapper - Found @SpringBootConfiguration br.com.fiap.cryptobb.CryptobbApplication for test class br.com.fiap.cryptobb.CryptobbApplicationTests
19:24:11.735 [Test worker] DEBUG org.springframework.boot.test.context.SpringBootTestContextBootstrapper - @TestExecutionListeners is not present for class [br.com.fiap.cryptobb.CryptobbApplicationTests]: using defaults.
19:24:11.735 [Test worker] INFO org.springframework.boot.test.context.SpringBootTestContextBootstrapper - Loaded default TestExecutionListener class names from location [META-INF/spring.factories]: [org.springframework.boot.test.autoconfigure.restdocs.RestDocsTestExecutionListener, org.springframework.boot.test.autoconfigure.web.client.MockRestServiceServerResetTestExecutionListener, org.springframework.boot.test.autoconfigure.web.servlet.MockMvcPrintOnlyOnFailureTestExecutionListener, org.springframework.boot.test.autoconfigure.web.servlet.WebDriverTestExecutionListener, org.springframework.boot.test.autoconfigure.webservices.client.MockWebServiceServerTestExecutionListener, org.springframework.boot.test.mock.mockito.MockitoTestExecutionListener, org.springframework.boot.test.mock.mockito.ResetMocksTestExecutionListener, org.springframework.test.context.web.ServletTestExecutionListener, org.springframework.test.context.support.DirtiesContextBeforeModesTestExecutionListener, org.springframework.test.context.event.ApplicationEventsTestExecutionListener, org.springframework.test.context.support.DependencyInjectionTestExecutionListener, org.springframework.test.context.support.DirtiesContextTestExecutionListener, org.springframework.test.context.transaction.TransactionalTestExecutionListener, org.springframework.test.context.jdbc.SqlScriptsTestExecutionListener, org.springframework.test.context.event.EventPublishingTestExecutionListener]
19:24:11.755 [Test worker] INFO org.springframework.boot.test.context.SpringBootTestContextBootstrapper - Using TestExecutionListeners: [org.springframework.test.context.web.ServletTestExecutionListener@38875e7d, org.springframework.test.context.support.DirtiesContextBeforeModesTestExecutionListener@1e886a5b, org.springframework.test.context.event.ApplicationEventsTestExecutionListener@d816dde, org.springframework.boot.test.mock.mockito.MockitoTestExecutionListener@6e33c391, org.springframework.boot.test.autoconfigure.SpringBootDependencyInjectionTestExecutionListener@6c451c9c, org.springframework.test.context.support.DirtiesContextTestExecutionListener@31c269fd, org.springframework.test.context.transaction.TransactionalTestExecutionListener@372b0d86, org.springframework.test.context.jdbc.SqlScriptsTestExecutionListener@47747fb9, org.springframework.test.context.event.EventPublishingTestExecutionListener@3113a37, org.springframework.boot.test.autoconfigure.restdocs.RestDocsTestExecutionListener@213e3629, org.springframework.boot.test.autoconfigure.web.client.MockRestServiceServerResetTestExecutionListener@4e9658b5, org.springframework.boot.test.autoconfigure.web.servlet.MockMvcPrintOnlyOnFailureTestExecutionListener@2a7b6f69, org.springframework.boot.test.autoconfigure.web.servlet.WebDriverTestExecutionListener@20312893, org.springframework.boot.test.autoconfigure.webservices.client.MockWebServiceServerTestExecutionListener@70eecdc2, org.springframework.boot.test.mock.mockito.ResetMocksTestExecutionListener@c41709a]
19:24:11.759 [Test worker] DEBUG org.springframework.test.context.support.AbstractDirtiesContextTestExecutionListener - Before test class: context [DefaultTestContext@52d10fb8 testClass = CryptobbApplicationTests, testInstance = [null], testMethod = [null], testException = [null], mergedContextConfiguration = [WebMergedContextConfiguration@41c07648 testClass = CryptobbApplicationTests, locations = '{}', classes = '{class br.com.fiap.cryptobb.CryptobbApplication}', contextInitializerClasses = '[]', activeProfiles = '{}', propertySourceLocations = '{}', propertySourceProperties = '{org.springframework.boot.test.context.SpringBootTestContextBootstrapper=true}', contextCustomizers = set[org.springframework.boot.test.autoconfigure.actuate.metrics.MetricsExportContextCustomizerFactory$DisableMetricExportContextCustomizer@4b3a45f1, org.springframework.boot.test.autoconfigure.properties.PropertyMappingContextCustomizer@0, org.springframework.boot.test.autoconfigure.web.servlet.WebDriverContextCustomizerFactory$Customizer@1a7288a3, org.springframework.boot.test.context.filter.ExcludeFilterContextCustomizer@68b6f0d6, org.springframework.boot.test.json.DuplicateJsonObjectContextCustomizerFactory$DuplicateJsonObjectContextCustomizer@36f48b4, org.springframework.boot.test.mock.mockito.MockitoContextCustomizer@0, org.springframework.boot.test.web.client.TestRestTemplateContextCustomizer@a5bd950, org.springframework.boot.test.context.SpringBootTestArgs@1, org.springframework.boot.test.context.SpringBootTestWebEnvironment@72d6b3ba], resourceBasePath = 'src/main/webapp', contextLoader = 'org.springframework.boot.test.context.SpringBootContextLoader', parent = [null]], attributes = map['org.springframework.test.context.web.ServletTestExecutionListener.activateListener' -> true]], class annotated with @DirtiesContext [false] with mode [null].
19:24:11.841 [Test worker] DEBUG org.springframework.boot.ApplicationServletEnvironment - Activating profiles []
19:24:11.845 [Test worker] DEBUG org.springframework.test.context.support.TestPropertySourceUtils - Adding inlined properties to environment: {spring.jmx.enabled=false, org.springframework.boot.test.context.SpringBootTestContextBootstrapper=true}

  .   ____          _            __ _ _
 /\\ / ___'_ __ _ _(_)_ __  __ _ \ \ \ \
( ( )\___ | '_ | '_| | '_ \/ _` | \ \ \ \
 \\/  ___)| |_)| | | | | || (_| |  ) ) ) )
  '  |____| .__|_| |_|_| |_\__, | / / / /
 =========|_|==============|___/=/_/_/_/
 :: Spring Boot ::                (v2.5.7)

2022-06-06 19:24:12.351  INFO 59872 --- [    Test worker] b.c.f.cryptobb.CryptobbApplicationTests  : Starting CryptobbApplicationTests using Java 11.0.8 on Fabios-MacBook-Pro.local with PID 59872 (started by fabiomiyasato in /Users/fabiomiyasato/Downloads/cryptobb)
2022-06-06 19:24:12.352  INFO 59872 --- [    Test worker] b.c.f.cryptobb.CryptobbApplicationTests  : No active profile set, falling back to default profiles: default
2022-06-06 19:24:13.573  INFO 59872 --- [    Test worker] .s.d.r.c.RepositoryConfigurationDelegate : Bootstrapping Spring Data JPA repositories in DEFAULT mode.
2022-06-06 19:24:13.627  INFO 59872 --- [    Test worker] .s.d.r.c.RepositoryConfigurationDelegate : Finished Spring Data repository scanning in 48 ms. Found 2 JPA repository interfaces.
2022-06-06 19:24:14.099  INFO 59872 --- [    Test worker] trationDelegate$BeanPostProcessorChecker : Bean 'org.springframework.security.access.expression.method.DefaultMethodSecurityExpressionHandler@5cdf221a' of type [org.springframework.security.access.expression.method.DefaultMethodSecurityExpressionHandler] is not eligible for getting processed by all BeanPostProcessors (for example: not eligible for auto-proxying)
2022-06-06 19:24:14.114  INFO 59872 --- [    Test worker] trationDelegate$BeanPostProcessorChecker : Bean 'methodSecurityMetadataSource' of type [org.springframework.security.access.method.DelegatingMethodSecurityMetadataSource] is not eligible for getting processed by all BeanPostProcessors (for example: not eligible for auto-proxying)
2022-06-06 19:24:14.290  INFO 59872 --- [    Test worker] o.f.c.internal.license.VersionPrinter    : Flyway Community Edition 7.7.3 by Redgate
2022-06-06 19:24:14.295  INFO 59872 --- [    Test worker] com.zaxxer.hikari.HikariDataSource       : HikariPool-1 - Starting...
2022-06-06 19:24:14.436  INFO 59872 --- [    Test worker] com.zaxxer.hikari.HikariDataSource       : HikariPool-1 - Start completed.
2022-06-06 19:24:14.463  INFO 59872 --- [    Test worker] o.f.c.i.database.base.DatabaseType       : Database: jdbc:h2:mem:db (H2 1.4)
2022-06-06 19:24:14.535  INFO 59872 --- [    Test worker] o.f.core.internal.command.DbValidate     : Successfully validated 4 migrations (execution time 00:00.027s)
2022-06-06 19:24:14.553  INFO 59872 --- [    Test worker] o.f.c.i.s.JdbcTableSchemaHistory         : Creating Schema History table "PUBLIC"."flyway_schema_history" ...
2022-06-06 19:24:14.574  INFO 59872 --- [    Test worker] o.f.c.i.s.DefaultSqlScriptExecutor       : 0 rows affected
2022-06-06 19:24:14.577  INFO 59872 --- [    Test worker] o.f.c.i.s.DefaultSqlScriptExecutor       : 0 rows affected
2022-06-06 19:24:14.601  INFO 59872 --- [    Test worker] o.f.core.internal.command.DbMigrate      : Current version of schema "PUBLIC": << Empty Schema >>
2022-06-06 19:24:14.605  INFO 59872 --- [    Test worker] o.f.core.internal.command.DbMigrate      : Migrating schema "PUBLIC" to version "1.000 - create table crypto"
2022-06-06 19:24:14.612  INFO 59872 --- [    Test worker] o.f.c.i.s.DefaultSqlScriptExecutor       : 0 rows affected
2022-06-06 19:24:14.640  INFO 59872 --- [    Test worker] o.f.core.internal.command.DbMigrate      : Migrating schema "PUBLIC" to version "1.001 - fix usd value"
2022-06-06 19:24:14.647  INFO 59872 --- [    Test worker] o.f.c.i.s.DefaultSqlScriptExecutor       : 0 rows affected
2022-06-06 19:24:14.652  INFO 59872 --- [    Test worker] o.f.c.i.s.DefaultSqlScriptExecutor       : 0 rows affected
2022-06-06 19:24:14.670  INFO 59872 --- [    Test worker] o.f.core.internal.command.DbMigrate      : Migrating schema "PUBLIC" to version "1.002 - create table users"
2022-06-06 19:24:14.671  INFO 59872 --- [    Test worker] o.f.c.i.s.DefaultSqlScriptExecutor       : 0 rows affected
2022-06-06 19:24:14.689  INFO 59872 --- [    Test worker] o.f.core.internal.command.DbMigrate      : Migrating schema "PUBLIC" to version "1.003 - fix last date user"
2022-06-06 19:24:14.693  INFO 59872 --- [    Test worker] o.f.c.i.s.DefaultSqlScriptExecutor       : 0 rows affected
2022-06-06 19:24:14.696  INFO 59872 --- [    Test worker] o.f.c.i.s.DefaultSqlScriptExecutor       : 0 rows affected
2022-06-06 19:24:14.712  INFO 59872 --- [    Test worker] o.f.core.internal.command.DbMigrate      : Successfully applied 4 migrations to schema "PUBLIC", now at version v1.003 (execution time 00:00.120s)
2022-06-06 19:24:14.868  INFO 59872 --- [    Test worker] o.hibernate.jpa.internal.util.LogHelper  : HHH000204: Processing PersistenceUnitInfo [name: default]
2022-06-06 19:24:14.931  INFO 59872 --- [    Test worker] org.hibernate.Version                    : HHH000412: Hibernate ORM core version 5.4.32.Final
2022-06-06 19:24:15.081  INFO 59872 --- [    Test worker] o.hibernate.annotations.common.Version   : HCANN000001: Hibernate Commons Annotations {5.1.2.Final}
2022-06-06 19:24:15.221  INFO 59872 --- [    Test worker] org.hibernate.dialect.Dialect            : HHH000400: Using dialect: org.hibernate.dialect.H2Dialect
2022-06-06 19:24:15.875  INFO 59872 --- [    Test worker] o.h.e.t.j.p.i.JtaPlatformInitiator       : HHH000490: Using JtaPlatform implementation: [org.hibernate.engine.transaction.jta.platform.internal.NoJtaPlatform]
2022-06-06 19:24:15.884  INFO 59872 --- [    Test worker] j.LocalContainerEntityManagerFactoryBean : Initialized JPA EntityManagerFactory for persistence unit 'default'
2022-06-06 19:24:16.359  WARN 59872 --- [    Test worker] JpaBaseConfiguration$JpaWebConfiguration : spring.jpa.open-in-view is enabled by default. Therefore, database queries may be performed during view rendering. Explicitly configure spring.jpa.open-in-view to disable this warning
2022-06-06 19:24:17.249  INFO 59872 --- [    Test worker] o.s.b.a.e.web.EndpointLinksResolver      : Exposing 1 endpoint(s) beneath base path '/actuator'
2022-06-06 19:24:17.543  INFO 59872 --- [    Test worker] o.s.s.web.DefaultSecurityFilterChain     : Will secure Ant [pattern='/v3/api-docs'] with []
2022-06-06 19:24:17.543  INFO 59872 --- [    Test worker] o.s.s.web.DefaultSecurityFilterChain     : Will secure Ant [pattern='/configuration/ui'] with []
2022-06-06 19:24:17.543  INFO 59872 --- [    Test worker] o.s.s.web.DefaultSecurityFilterChain     : Will secure Ant [pattern='/swagger-resources/**'] with []
2022-06-06 19:24:17.543  INFO 59872 --- [    Test worker] o.s.s.web.DefaultSecurityFilterChain     : Will secure Ant [pattern='/configuration/security'] with []
2022-06-06 19:24:17.543  INFO 59872 --- [    Test worker] o.s.s.web.DefaultSecurityFilterChain     : Will secure Ant [pattern='/swagger-ui/**'] with []
2022-06-06 19:24:17.544  INFO 59872 --- [    Test worker] o.s.s.web.DefaultSecurityFilterChain     : Will secure Ant [pattern='/webjars/**'] with []
2022-06-06 19:24:17.628  INFO 59872 --- [    Test worker] o.s.s.web.DefaultSecurityFilterChain     : Will secure any request with [org.springframework.security.web.context.request.async.WebAsyncManagerIntegrationFilter@50c20b15, org.springframework.security.web.context.SecurityContextPersistenceFilter@378456cb, org.springframework.security.web.header.HeaderWriterFilter@7701b695, org.springframework.security.web.authentication.logout.LogoutFilter@1314ccc1, br.com.fiap.cryptobb.security.JwtRequestFilter@5e0602ff, org.springframework.security.web.authentication.www.BasicAuthenticationFilter@43851574, org.springframework.security.web.savedrequest.RequestCacheAwareFilter@200cbb63, org.springframework.security.web.servletapi.SecurityContextHolderAwareRequestFilter@2591477f, org.springframework.security.web.authentication.AnonymousAuthenticationFilter@6dcf39c6, org.springframework.security.web.session.SessionManagementFilter@2292e793, org.springframework.security.web.access.ExceptionTranslationFilter@21d30ba5, org.springframework.security.web.access.intercept.FilterSecurityInterceptor@42626e86]
2022-06-06 19:24:18.602  INFO 59872 --- [    Test worker] b.c.f.cryptobb.CryptobbApplicationTests  : Started CryptobbApplicationTests in 6.753 seconds (JVM running for 7.998)
]]></system-out>
  <system-err><![CDATA[]]></system-err>
</testsuite>
